<?xml version="1.0" encoding="UTF-8"?>
<!-- Generated by org.testng.reporters.JUnitReportReporter -->
<testsuite skipped="2" hostname="C40BF52AGJUNC" name="com.qa.tester.LoginPageTest" tests="3" failures="0" timestamp="12 Feb 2019 14:48:26 GMT" time="15.673" errors="0">
  <testcase name="loginTest" time="15.673" classname="com.qa.tester.LoginPageTest"/>
  <testcase name="crmLogoImageTest" classname="com.qa.tester.LoginPageTest">
    <skipped/>
  </testcase> <!-- crmLogoImageTest -->
  <testcase name="loginPageTitleTest" classname="com.qa.tester.LoginPageTest">
    <skipped/>
  </testcase> <!-- loginPageTitleTest -->
</testsuite> <!-- com.qa.tester.LoginPageTest -->
