<?xml version="1.0" encoding="UTF-8"?>
<!-- Generated by org.testng.reporters.JUnitReportReporter -->
<testsuite skipped="0" hostname="C40BF52AGJUNC" name="com.qa.base.testbase" tests="1" failures="0" timestamp="11 Feb 2019 06:01:10 GMT" time="11.680" errors="0">
  <testcase name="urlenter" time="11.680" classname="com.qa.base.testbase"/>
</testsuite> <!-- com.qa.base.testbase -->
