<?xml version="1.0" encoding="UTF-8"?>
<!-- Generated by org.testng.reporters.JUnitReportReporter -->
<testsuite skipped="0" hostname="C40BF52AGJUNC" name="com.qa.base.testbase" tests="1" failures="0" timestamp="18 Feb 2019 12:56:37 GMT" time="8.876" errors="0">
  <testcase name="initialization" time="8.876" classname="com.qa.base.testbase"/>
</testsuite> <!-- com.qa.base.testbase -->
