<?xml version="1.0" encoding="UTF-8"?>
<!-- Generated by org.testng.reporters.JUnitReportReporter -->
<testsuite skipped="0" hostname="C40BF52AGJUNC" name="com.qa.tester.robot" tests="1" failures="0" timestamp="01 Feb 2019 06:35:19 GMT" time="7.723" errors="0">
  <testcase name="upload_file" time="7.723" classname="com.qa.tester.robot"/>
</testsuite> <!-- com.qa.tester.robot -->
