<?xml version="1.0" encoding="UTF-8"?>
<!-- Generated by org.testng.reporters.JUnitReportReporter -->
<testsuite skipped="2" hostname="C40BF52AGJUNC" name="com.qa.tester.HomePageTest" tests="3" failures="0" timestamp="12 Feb 2019 14:48:26 GMT" time="22.499" errors="0">
  <testcase name="selectDesiredBotTest" time="22.499" classname="com.qa.tester.HomePageTest"/>
  <testcase name="verifyHomePageTitleTest" classname="com.qa.tester.HomePageTest">
    <skipped/>
  </testcase> <!-- verifyHomePageTitleTest -->
  <testcase name="verifyHeaderofThePageTest" classname="com.qa.tester.HomePageTest">
    <skipped/>
  </testcase> <!-- verifyHeaderofThePageTest -->
</testsuite> <!-- com.qa.tester.HomePageTest -->
