<?xml version="1.0" encoding="UTF-8"?>
<!-- Generated by org.testng.reporters.JUnitReportReporter -->
<testsuite skipped="2" hostname="C40BF52AGJUNC" name="com.qa.tester.TrainingPageTest" tests="3" failures="0" timestamp="12 Feb 2019 14:48:26 GMT" time="28.684" errors="0">
  <testcase name="clickOnSettingIcon" time="28.684" classname="com.qa.tester.TrainingPageTest"/>
  <testcase name="checkTraingHeaderTest" classname="com.qa.tester.TrainingPageTest">
    <skipped/>
  </testcase> <!-- checkTraingHeaderTest -->
  <testcase name="TrainingPageTitleTest" classname="com.qa.tester.TrainingPageTest">
    <skipped/>
  </testcase> <!-- TrainingPageTitleTest -->
</testsuite> <!-- com.qa.tester.TrainingPageTest -->
