<?xml version="1.0" encoding="UTF-8"?>
<!-- Generated by org.testng.reporters.JUnitReportReporter -->
<testsuite skipped="0" hostname="C40BF52AGJUNC" name="com.qa.tester.NewTest" tests="2" failures="0" timestamp="01 Feb 2019 07:22:34 GMT" time="12.204" errors="0">
  <testcase name="upload_file" time="7.711" classname="com.qa.tester.NewTest"/>
  <testcase name="f" time="4.493" classname="com.qa.tester.NewTest"/>
</testsuite> <!-- com.qa.tester.NewTest -->
