<?xml version="1.0" encoding="UTF-8"?>
<!-- Generated by org.testng.reporters.JUnitReportReporter -->
<testsuite skipped="0" hostname="C40BF52AGJUNC" name="com.qa.tester.GetAPITest" tests="2" failures="0" timestamp="14 Jan 2019 09:54:04 GMT" time="1.558" errors="0">
  <testcase name="getAPITestWithoutHeaders" time="1.005" classname="com.qa.tester.GetAPITest"/>
  <testcase name="getAPITestWithHeaders" time="0.553" classname="com.qa.tester.GetAPITest"/>
</testsuite> <!-- com.qa.tester.GetAPITest -->
