<?xml version="1.0" encoding="UTF-8"?>
<!-- Generated by org.testng.reporters.JUnitReportReporter -->
<testsuite skipped="0" hostname="C40BF52AGJUNC" name="com.qa.tester.array" tests="1" failures="0" timestamp="30 Jan 2019 12:50:13 GMT" time="4.330" errors="0">
  <testcase name="check" time="4.330" classname="com.qa.tester.array"/>
</testsuite> <!-- com.qa.tester.array -->
