<?xml version="1.0" encoding="UTF-8"?>
<!-- Generated by org.testng.reporters.JUnitReportReporter -->
<testsuite skipped="4" hostname="C40BF52AGJUNC" name="com.qa.tester.SettingPageTest" tests="5" failures="0" timestamp="13 Feb 2019 04:20:47 GMT" time="6.271" errors="0">
  <testcase name="clickOnSettingIcon" time="6.271" classname="com.qa.tester.SettingPageTest"/>
  <testcase name="SettingPageTitleTest" classname="com.qa.tester.SettingPageTest">
    <skipped/>
  </testcase> <!-- SettingPageTitleTest -->
  <testcase name="checkProfileTabTest" classname="com.qa.tester.SettingPageTest">
    <skipped/>
  </testcase> <!-- checkProfileTabTest -->
  <testcase name="checkUserTabTest" classname="com.qa.tester.SettingPageTest">
    <skipped/>
  </testcase> <!-- checkUserTabTest -->
  <testcase name="checkSettingHeaderTest" classname="com.qa.tester.SettingPageTest">
    <skipped/>
  </testcase> <!-- checkSettingHeaderTest -->
</testsuite> <!-- com.qa.tester.SettingPageTest -->
