<?xml version="1.0" encoding="UTF-8"?>
<!-- Generated by org.testng.reporters.JUnitReportReporter -->
<testsuite skipped="0" hostname="C40BF52AGJUNC" name="com.qa.tester.autoIT" tests="1" failures="0" timestamp="30 Jan 2019 13:41:40 GMT" time="3.122" errors="0">
  <testcase name="upload_file" time="3.122" classname="com.qa.tester.autoIT"/>
</testsuite> <!-- com.qa.tester.autoIT -->
