<?xml version="1.0" encoding="UTF-8"?>
<!-- Generated by org.testng.reporters.JUnitReportReporter -->
<testsuite skipped="0" hostname="C40BF52AGJUNC" name="com.qa.tester.sendAnEmail" tests="1" failures="0" timestamp="28 Jan 2019 12:41:42 GMT" time="4.396" errors="0">
  <testcase name="f" time="4.396" classname="com.qa.tester.sendAnEmail"/>
</testsuite> <!-- com.qa.tester.sendAnEmail -->
